MSBuild version 17.8.45+2a7a854c1 for .NET
  Determining projects to restore...
  All projects are up-to-date for restore.
/tmp/gh-issue-solver-1770756764755/Scripts/Weapons/Shotgun.cs(1320,17): warning CS0114: 'Shotgun.StartReload()' hides inherited member 'BaseWeapon.StartReload()'. To make the current member override that implementation, add the override keyword. Otherwise add the new keyword. [/tmp/gh-issue-solver-1770756764755/GodotTopDownTemplate.csproj]
/tmp/gh-issue-solver-1770756764755/Scripts/Projectiles/GrenadeTimer.cs(379,49): warning CS0618: 'TileMap' is obsolete: 'Use multiple 'TileMapLayer' nodes instead. To convert a TileMap to a set of TileMapLayer nodes, open the TileMap bottom panel with the node selected, click the toolbox icon in the top-right corner and choose 'Extract TileMap layers as individual TileMapLayer nodes'.' [/tmp/gh-issue-solver-1770756764755/GodotTopDownTemplate.csproj]
/tmp/gh-issue-solver-1770756764755/Scripts/Projectiles/GrenadeTimer.cs(599,67): warning CS8625: Cannot convert null literal to non-nullable reference type. [/tmp/gh-issue-solver-1770756764755/GodotTopDownTemplate.csproj]
/tmp/gh-issue-solver-1770756764755/Scripts/Projectiles/GrenadeTimer.cs(645,69): warning CS8604: Possible null reference argument for parameter 'from' in 'Variant.implicit operator Variant(GodotObject from)'. [/tmp/gh-issue-solver-1770756764755/GodotTopDownTemplate.csproj]
/tmp/gh-issue-solver-1770756764755/Scripts/Projectiles/GrenadeTimer.cs(668,73): warning CS8604: Possible null reference argument for parameter 'from' in 'Variant.implicit operator Variant(GodotObject from)'. [/tmp/gh-issue-solver-1770756764755/GodotTopDownTemplate.csproj]
/tmp/gh-issue-solver-1770756764755/Scripts/AbstractClasses/BaseWeapon.cs(362,90): warning CS8625: Cannot convert null literal to non-nullable reference type. [/tmp/gh-issue-solver-1770756764755/GodotTopDownTemplate.csproj]
/tmp/gh-issue-solver-1770756764755/Scripts/Components/LevelInitFallback.cs(558,34): warning CS8604: Possible null reference argument for parameter 'from' in 'Variant.implicit operator Variant(GodotObject from)'. [/tmp/gh-issue-solver-1770756764755/GodotTopDownTemplate.csproj]
/tmp/gh-issue-solver-1770756764755/Scripts/Components/LevelInitFallback.cs(559,45): warning CS8604: Possible null reference argument for parameter 'from' in 'Variant.implicit operator Variant(GodotObject from)'. [/tmp/gh-issue-solver-1770756764755/GodotTopDownTemplate.csproj]
/tmp/gh-issue-solver-1770756764755/Scripts/Components/LevelInitFallback.cs(560,38): warning CS8604: Possible null reference argument for parameter 'from' in 'Variant.implicit operator Variant(GodotObject from)'. [/tmp/gh-issue-solver-1770756764755/GodotTopDownTemplate.csproj]
/tmp/gh-issue-solver-1770756764755/Scripts/AbstractClasses/BaseWeapon.cs(498,75): warning CS8604: Possible null reference argument for parameter 'from' in 'Variant.implicit operator Variant(GodotObject from)'. [/tmp/gh-issue-solver-1770756764755/GodotTopDownTemplate.csproj]
/tmp/gh-issue-solver-1770756764755/Scripts/Weapons/SniperRifle.cs(781,63): warning CS0618: 'TileMap' is obsolete: 'Use multiple 'TileMapLayer' nodes instead. To convert a TileMap to a set of TileMapLayer nodes, open the TileMap bottom panel with the node selected, click the toolbox icon in the top-right corner and choose 'Extract TileMap layers as individual TileMapLayer nodes'.' [/tmp/gh-issue-solver-1770756764755/GodotTopDownTemplate.csproj]
/tmp/gh-issue-solver-1770756764755/Scripts/Weapons/SniperRifle.cs(960,63): warning CS0618: 'TileMap' is obsolete: 'Use multiple 'TileMapLayer' nodes instead. To convert a TileMap to a set of TileMapLayer nodes, open the TileMap bottom panel with the node selected, click the toolbox icon in the top-right corner and choose 'Extract TileMap layers as individual TileMapLayer nodes'.' [/tmp/gh-issue-solver-1770756764755/GodotTopDownTemplate.csproj]
/tmp/gh-issue-solver-1770756764755/Scripts/Weapons/SniperRifle.cs(1291,93): warning CS8625: Cannot convert null literal to non-nullable reference type. [/tmp/gh-issue-solver-1770756764755/GodotTopDownTemplate.csproj]
/tmp/gh-issue-solver-1770756764755/Scripts/Weapons/SilencedPistol.cs(786,94): warning CS8625: Cannot convert null literal to non-nullable reference type. [/tmp/gh-issue-solver-1770756764755/GodotTopDownTemplate.csproj]
/tmp/gh-issue-solver-1770756764755/Scripts/Projectiles/SniperBullet.cs(217,45): warning CS0618: 'TileMap' is obsolete: 'Use multiple 'TileMapLayer' nodes instead. To convert a TileMap to a set of TileMapLayer nodes, open the TileMap bottom panel with the node selected, click the toolbox icon in the top-right corner and choose 'Extract TileMap layers as individual TileMapLayer nodes'.' [/tmp/gh-issue-solver-1770756764755/GodotTopDownTemplate.csproj]
/tmp/gh-issue-solver-1770756764755/Scripts/Projectiles/BreakerDetonation.cs(131,53): warning CS0618: 'TileMap' is obsolete: 'Use multiple 'TileMapLayer' nodes instead. To convert a TileMap to a set of TileMapLayer nodes, open the TileMap bottom panel with the node selected, click the toolbox icon in the top-right corner and choose 'Extract TileMap layers as individual TileMapLayer nodes'.' [/tmp/gh-issue-solver-1770756764755/GodotTopDownTemplate.csproj]
/tmp/gh-issue-solver-1770756764755/Scripts/Projectiles/SniperBullet.cs(393,99): warning CS8625: Cannot convert null literal to non-nullable reference type. [/tmp/gh-issue-solver-1770756764755/GodotTopDownTemplate.csproj]
/tmp/gh-issue-solver-1770756764755/Scripts/Projectiles/BreakerDetonation.cs(243,36): warning CS8625: Cannot convert null literal to non-nullable reference type. [/tmp/gh-issue-solver-1770756764755/GodotTopDownTemplate.csproj]
/tmp/gh-issue-solver-1770756764755/Scripts/Projectiles/BreakerDetonation.cs(251,78): warning CS8625: Cannot convert null literal to non-nullable reference type. [/tmp/gh-issue-solver-1770756764755/GodotTopDownTemplate.csproj]
/tmp/gh-issue-solver-1770756764755/Scripts/Projectiles/Bullet.cs(341,21): warning CS0162: Unreachable code detected [/tmp/gh-issue-solver-1770756764755/GodotTopDownTemplate.csproj]
/tmp/gh-issue-solver-1770756764755/Scripts/Projectiles/Bullet.cs(485,45): warning CS0618: 'TileMap' is obsolete: 'Use multiple 'TileMapLayer' nodes instead. To convert a TileMap to a set of TileMapLayer nodes, open the TileMap bottom panel with the node selected, click the toolbox icon in the top-right corner and choose 'Extract TileMap layers as individual TileMapLayer nodes'.' [/tmp/gh-issue-solver-1770756764755/GodotTopDownTemplate.csproj]
/tmp/gh-issue-solver-1770756764755/Scripts/Projectiles/ShotgunPellet.cs(278,21): warning CS0162: Unreachable code detected [/tmp/gh-issue-solver-1770756764755/GodotTopDownTemplate.csproj]
/tmp/gh-issue-solver-1770756764755/Scripts/Projectiles/Bullet.cs(584,99): warning CS8625: Cannot convert null literal to non-nullable reference type. [/tmp/gh-issue-solver-1770756764755/GodotTopDownTemplate.csproj]
/tmp/gh-issue-solver-1770756764755/Scripts/Projectiles/ShotgunPellet.cs(344,13): warning CS0162: Unreachable code detected [/tmp/gh-issue-solver-1770756764755/GodotTopDownTemplate.csproj]
/tmp/gh-issue-solver-1770756764755/Scripts/Projectiles/ShotgunPellet.cs(364,13): warning CS0162: Unreachable code detected [/tmp/gh-issue-solver-1770756764755/GodotTopDownTemplate.csproj]
/tmp/gh-issue-solver-1770756764755/Scripts/Projectiles/ShotgunPellet.cs(407,17): warning CS0162: Unreachable code detected [/tmp/gh-issue-solver-1770756764755/GodotTopDownTemplate.csproj]
/tmp/gh-issue-solver-1770756764755/Scripts/Projectiles/ShotgunPellet.cs(418,13): warning CS0162: Unreachable code detected [/tmp/gh-issue-solver-1770756764755/GodotTopDownTemplate.csproj]
/tmp/gh-issue-solver-1770756764755/Scripts/Projectiles/ShotgunPellet.cs(470,21): warning CS0162: Unreachable code detected [/tmp/gh-issue-solver-1770756764755/GodotTopDownTemplate.csproj]
/tmp/gh-issue-solver-1770756764755/Scripts/Projectiles/ShotgunPellet.cs(537,21): warning CS0162: Unreachable code detected [/tmp/gh-issue-solver-1770756764755/GodotTopDownTemplate.csproj]
/tmp/gh-issue-solver-1770756764755/Scripts/Projectiles/ShotgunPellet.cs(609,45): warning CS0618: 'TileMap' is obsolete: 'Use multiple 'TileMapLayer' nodes instead. To convert a TileMap to a set of TileMapLayer nodes, open the TileMap bottom panel with the node selected, click the toolbox icon in the top-right corner and choose 'Extract TileMap layers as individual TileMapLayer nodes'.' [/tmp/gh-issue-solver-1770756764755/GodotTopDownTemplate.csproj]
/tmp/gh-issue-solver-1770756764755/Scripts/Projectiles/Bullet.cs(795,17): warning CS0162: Unreachable code detected [/tmp/gh-issue-solver-1770756764755/GodotTopDownTemplate.csproj]
/tmp/gh-issue-solver-1770756764755/Scripts/Projectiles/Bullet.cs(806,17): warning CS0162: Unreachable code detected [/tmp/gh-issue-solver-1770756764755/GodotTopDownTemplate.csproj]
/tmp/gh-issue-solver-1770756764755/Scripts/Projectiles/Bullet.cs(819,13): warning CS0162: Unreachable code detected [/tmp/gh-issue-solver-1770756764755/GodotTopDownTemplate.csproj]
/tmp/gh-issue-solver-1770756764755/Scripts/Projectiles/Bullet.cs(827,13): warning CS0162: Unreachable code detected [/tmp/gh-issue-solver-1770756764755/GodotTopDownTemplate.csproj]
/tmp/gh-issue-solver-1770756764755/Scripts/Projectiles/Bullet.cs(835,17): warning CS0162: Unreachable code detected [/tmp/gh-issue-solver-1770756764755/GodotTopDownTemplate.csproj]
/tmp/gh-issue-solver-1770756764755/Scripts/Projectiles/ShotgunPellet.cs(650,99): warning CS8625: Cannot convert null literal to non-nullable reference type. [/tmp/gh-issue-solver-1770756764755/GodotTopDownTemplate.csproj]
/tmp/gh-issue-solver-1770756764755/Scripts/Projectiles/Bullet.cs(979,13): warning CS0162: Unreachable code detected [/tmp/gh-issue-solver-1770756764755/GodotTopDownTemplate.csproj]
/tmp/gh-issue-solver-1770756764755/Scripts/Projectiles/Bullet.cs(1037,13): warning CS0162: Unreachable code detected [/tmp/gh-issue-solver-1770756764755/GodotTopDownTemplate.csproj]
/tmp/gh-issue-solver-1770756764755/Scripts/Projectiles/ShotgunPellet.cs(774,17): warning CS0162: Unreachable code detected [/tmp/gh-issue-solver-1770756764755/GodotTopDownTemplate.csproj]
/tmp/gh-issue-solver-1770756764755/Scripts/Projectiles/ShotgunPellet.cs(784,17): warning CS0162: Unreachable code detected [/tmp/gh-issue-solver-1770756764755/GodotTopDownTemplate.csproj]
/tmp/gh-issue-solver-1770756764755/Scripts/Projectiles/ShotgunPellet.cs(794,13): warning CS0162: Unreachable code detected [/tmp/gh-issue-solver-1770756764755/GodotTopDownTemplate.csproj]
/tmp/gh-issue-solver-1770756764755/Scripts/Projectiles/ShotgunPellet.cs(802,17): warning CS0162: Unreachable code detected [/tmp/gh-issue-solver-1770756764755/GodotTopDownTemplate.csproj]
/tmp/gh-issue-solver-1770756764755/Scripts/Projectiles/ShotgunPellet.cs(812,13): warning CS0162: Unreachable code detected [/tmp/gh-issue-solver-1770756764755/GodotTopDownTemplate.csproj]
/tmp/gh-issue-solver-1770756764755/Scripts/Projectiles/ShotgunPellet.cs(819,17): warning CS0162: Unreachable code detected [/tmp/gh-issue-solver-1770756764755/GodotTopDownTemplate.csproj]
/tmp/gh-issue-solver-1770756764755/Scripts/Characters/Player.cs(2294,89): warning CS8604: Possible null reference argument for parameter 'from' in 'Variant.implicit operator Variant(GodotObject from)'. [/tmp/gh-issue-solver-1770756764755/GodotTopDownTemplate.csproj]
/tmp/gh-issue-solver-1770756764755/Scripts/Projectiles/ShotgunPellet.cs(921,13): warning CS0162: Unreachable code detected [/tmp/gh-issue-solver-1770756764755/GodotTopDownTemplate.csproj]
/tmp/gh-issue-solver-1770756764755/Scripts/Projectiles/Bullet.cs(1164,13): warning CS0162: Unreachable code detected [/tmp/gh-issue-solver-1770756764755/GodotTopDownTemplate.csproj]
/tmp/gh-issue-solver-1770756764755/Scripts/Projectiles/Bullet.cs(1288,93): warning CS8625: Cannot convert null literal to non-nullable reference type. [/tmp/gh-issue-solver-1770756764755/GodotTopDownTemplate.csproj]
/tmp/gh-issue-solver-1770756764755/Scripts/Projectiles/Bullet.cs(1307,109): warning CS8625: Cannot convert null literal to non-nullable reference type. [/tmp/gh-issue-solver-1770756764755/GodotTopDownTemplate.csproj]
/tmp/gh-issue-solver-1770756764755/Scripts/Projectiles/Bullet.cs(1391,13): warning CS0162: Unreachable code detected [/tmp/gh-issue-solver-1770756764755/GodotTopDownTemplate.csproj]
/tmp/gh-issue-solver-1770756764755/Scripts/Projectiles/Bullet.cs(1411,13): warning CS0162: Unreachable code detected [/tmp/gh-issue-solver-1770756764755/GodotTopDownTemplate.csproj]
/tmp/gh-issue-solver-1770756764755/Scripts/Projectiles/Bullet.cs(1454,17): warning CS0162: Unreachable code detected [/tmp/gh-issue-solver-1770756764755/GodotTopDownTemplate.csproj]
/tmp/gh-issue-solver-1770756764755/Scripts/Projectiles/Bullet.cs(1465,13): warning CS0162: Unreachable code detected [/tmp/gh-issue-solver-1770756764755/GodotTopDownTemplate.csproj]
/tmp/gh-issue-solver-1770756764755/Scripts/Projectiles/Bullet.cs(1517,21): warning CS0162: Unreachable code detected [/tmp/gh-issue-solver-1770756764755/GodotTopDownTemplate.csproj]
/tmp/gh-issue-solver-1770756764755/Scripts/Projectiles/Bullet.cs(1586,21): warning CS0162: Unreachable code detected [/tmp/gh-issue-solver-1770756764755/GodotTopDownTemplate.csproj]
/tmp/gh-issue-solver-1770756764755/Scripts/Weapons/Revolver.cs(957,75): warning CS8604: Possible null reference argument for parameter 'from' in 'Variant.implicit operator Variant(GodotObject from)'. [/tmp/gh-issue-solver-1770756764755/GodotTopDownTemplate.csproj]
  GodotTopDownTemplate -> /tmp/gh-issue-solver-1770756764755/.godot/mono/temp/bin/Debug/GodotTopDownTemplate.dll

Build succeeded.

/tmp/gh-issue-solver-1770756764755/Scripts/Weapons/Shotgun.cs(1320,17): warning CS0114: 'Shotgun.StartReload()' hides inherited member 'BaseWeapon.StartReload()'. To make the current member override that implementation, add the override keyword. Otherwise add the new keyword. [/tmp/gh-issue-solver-1770756764755/GodotTopDownTemplate.csproj]
/tmp/gh-issue-solver-1770756764755/Scripts/Projectiles/GrenadeTimer.cs(379,49): warning CS0618: 'TileMap' is obsolete: 'Use multiple 'TileMapLayer' nodes instead. To convert a TileMap to a set of TileMapLayer nodes, open the TileMap bottom panel with the node selected, click the toolbox icon in the top-right corner and choose 'Extract TileMap layers as individual TileMapLayer nodes'.' [/tmp/gh-issue-solver-1770756764755/GodotTopDownTemplate.csproj]
/tmp/gh-issue-solver-1770756764755/Scripts/Projectiles/GrenadeTimer.cs(599,67): warning CS8625: Cannot convert null literal to non-nullable reference type. [/tmp/gh-issue-solver-1770756764755/GodotTopDownTemplate.csproj]
/tmp/gh-issue-solver-1770756764755/Scripts/Projectiles/GrenadeTimer.cs(645,69): warning CS8604: Possible null reference argument for parameter 'from' in 'Variant.implicit operator Variant(GodotObject from)'. [/tmp/gh-issue-solver-1770756764755/GodotTopDownTemplate.csproj]
/tmp/gh-issue-solver-1770756764755/Scripts/Projectiles/GrenadeTimer.cs(668,73): warning CS8604: Possible null reference argument for parameter 'from' in 'Variant.implicit operator Variant(GodotObject from)'. [/tmp/gh-issue-solver-1770756764755/GodotTopDownTemplate.csproj]
/tmp/gh-issue-solver-1770756764755/Scripts/AbstractClasses/BaseWeapon.cs(362,90): warning CS8625: Cannot convert null literal to non-nullable reference type. [/tmp/gh-issue-solver-1770756764755/GodotTopDownTemplate.csproj]
/tmp/gh-issue-solver-1770756764755/Scripts/Components/LevelInitFallback.cs(558,34): warning CS8604: Possible null reference argument for parameter 'from' in 'Variant.implicit operator Variant(GodotObject from)'. [/tmp/gh-issue-solver-1770756764755/GodotTopDownTemplate.csproj]
/tmp/gh-issue-solver-1770756764755/Scripts/Components/LevelInitFallback.cs(559,45): warning CS8604: Possible null reference argument for parameter 'from' in 'Variant.implicit operator Variant(GodotObject from)'. [/tmp/gh-issue-solver-1770756764755/GodotTopDownTemplate.csproj]
/tmp/gh-issue-solver-1770756764755/Scripts/Components/LevelInitFallback.cs(560,38): warning CS8604: Possible null reference argument for parameter 'from' in 'Variant.implicit operator Variant(GodotObject from)'. [/tmp/gh-issue-solver-1770756764755/GodotTopDownTemplate.csproj]
/tmp/gh-issue-solver-1770756764755/Scripts/AbstractClasses/BaseWeapon.cs(498,75): warning CS8604: Possible null reference argument for parameter 'from' in 'Variant.implicit operator Variant(GodotObject from)'. [/tmp/gh-issue-solver-1770756764755/GodotTopDownTemplate.csproj]
/tmp/gh-issue-solver-1770756764755/Scripts/Weapons/SniperRifle.cs(781,63): warning CS0618: 'TileMap' is obsolete: 'Use multiple 'TileMapLayer' nodes instead. To convert a TileMap to a set of TileMapLayer nodes, open the TileMap bottom panel with the node selected, click the toolbox icon in the top-right corner and choose 'Extract TileMap layers as individual TileMapLayer nodes'.' [/tmp/gh-issue-solver-1770756764755/GodotTopDownTemplate.csproj]
/tmp/gh-issue-solver-1770756764755/Scripts/Weapons/SniperRifle.cs(960,63): warning CS0618: 'TileMap' is obsolete: 'Use multiple 'TileMapLayer' nodes instead. To convert a TileMap to a set of TileMapLayer nodes, open the TileMap bottom panel with the node selected, click the toolbox icon in the top-right corner and choose 'Extract TileMap layers as individual TileMapLayer nodes'.' [/tmp/gh-issue-solver-1770756764755/GodotTopDownTemplate.csproj]
/tmp/gh-issue-solver-1770756764755/Scripts/Weapons/SniperRifle.cs(1291,93): warning CS8625: Cannot convert null literal to non-nullable reference type. [/tmp/gh-issue-solver-1770756764755/GodotTopDownTemplate.csproj]
/tmp/gh-issue-solver-1770756764755/Scripts/Weapons/SilencedPistol.cs(786,94): warning CS8625: Cannot convert null literal to non-nullable reference type. [/tmp/gh-issue-solver-1770756764755/GodotTopDownTemplate.csproj]
/tmp/gh-issue-solver-1770756764755/Scripts/Projectiles/SniperBullet.cs(217,45): warning CS0618: 'TileMap' is obsolete: 'Use multiple 'TileMapLayer' nodes instead. To convert a TileMap to a set of TileMapLayer nodes, open the TileMap bottom panel with the node selected, click the toolbox icon in the top-right corner and choose 'Extract TileMap layers as individual TileMapLayer nodes'.' [/tmp/gh-issue-solver-1770756764755/GodotTopDownTemplate.csproj]
/tmp/gh-issue-solver-1770756764755/Scripts/Projectiles/BreakerDetonation.cs(131,53): warning CS0618: 'TileMap' is obsolete: 'Use multiple 'TileMapLayer' nodes instead. To convert a TileMap to a set of TileMapLayer nodes, open the TileMap bottom panel with the node selected, click the toolbox icon in the top-right corner and choose 'Extract TileMap layers as individual TileMapLayer nodes'.' [/tmp/gh-issue-solver-1770756764755/GodotTopDownTemplate.csproj]
/tmp/gh-issue-solver-1770756764755/Scripts/Projectiles/SniperBullet.cs(393,99): warning CS8625: Cannot convert null literal to non-nullable reference type. [/tmp/gh-issue-solver-1770756764755/GodotTopDownTemplate.csproj]
/tmp/gh-issue-solver-1770756764755/Scripts/Projectiles/BreakerDetonation.cs(243,36): warning CS8625: Cannot convert null literal to non-nullable reference type. [/tmp/gh-issue-solver-1770756764755/GodotTopDownTemplate.csproj]
/tmp/gh-issue-solver-1770756764755/Scripts/Projectiles/BreakerDetonation.cs(251,78): warning CS8625: Cannot convert null literal to non-nullable reference type. [/tmp/gh-issue-solver-1770756764755/GodotTopDownTemplate.csproj]
/tmp/gh-issue-solver-1770756764755/Scripts/Projectiles/Bullet.cs(341,21): warning CS0162: Unreachable code detected [/tmp/gh-issue-solver-1770756764755/GodotTopDownTemplate.csproj]
/tmp/gh-issue-solver-1770756764755/Scripts/Projectiles/Bullet.cs(485,45): warning CS0618: 'TileMap' is obsolete: 'Use multiple 'TileMapLayer' nodes instead. To convert a TileMap to a set of TileMapLayer nodes, open the TileMap bottom panel with the node selected, click the toolbox icon in the top-right corner and choose 'Extract TileMap layers as individual TileMapLayer nodes'.' [/tmp/gh-issue-solver-1770756764755/GodotTopDownTemplate.csproj]
/tmp/gh-issue-solver-1770756764755/Scripts/Projectiles/ShotgunPellet.cs(278,21): warning CS0162: Unreachable code detected [/tmp/gh-issue-solver-1770756764755/GodotTopDownTemplate.csproj]
/tmp/gh-issue-solver-1770756764755/Scripts/Projectiles/Bullet.cs(584,99): warning CS8625: Cannot convert null literal to non-nullable reference type. [/tmp/gh-issue-solver-1770756764755/GodotTopDownTemplate.csproj]
/tmp/gh-issue-solver-1770756764755/Scripts/Projectiles/ShotgunPellet.cs(344,13): warning CS0162: Unreachable code detected [/tmp/gh-issue-solver-1770756764755/GodotTopDownTemplate.csproj]
/tmp/gh-issue-solver-1770756764755/Scripts/Projectiles/ShotgunPellet.cs(364,13): warning CS0162: Unreachable code detected [/tmp/gh-issue-solver-1770756764755/GodotTopDownTemplate.csproj]
/tmp/gh-issue-solver-1770756764755/Scripts/Projectiles/ShotgunPellet.cs(407,17): warning CS0162: Unreachable code detected [/tmp/gh-issue-solver-1770756764755/GodotTopDownTemplate.csproj]
/tmp/gh-issue-solver-1770756764755/Scripts/Projectiles/ShotgunPellet.cs(418,13): warning CS0162: Unreachable code detected [/tmp/gh-issue-solver-1770756764755/GodotTopDownTemplate.csproj]
/tmp/gh-issue-solver-1770756764755/Scripts/Projectiles/ShotgunPellet.cs(470,21): warning CS0162: Unreachable code detected [/tmp/gh-issue-solver-1770756764755/GodotTopDownTemplate.csproj]
/tmp/gh-issue-solver-1770756764755/Scripts/Projectiles/ShotgunPellet.cs(537,21): warning CS0162: Unreachable code detected [/tmp/gh-issue-solver-1770756764755/GodotTopDownTemplate.csproj]
/tmp/gh-issue-solver-1770756764755/Scripts/Projectiles/ShotgunPellet.cs(609,45): warning CS0618: 'TileMap' is obsolete: 'Use multiple 'TileMapLayer' nodes instead. To convert a TileMap to a set of TileMapLayer nodes, open the TileMap bottom panel with the node selected, click the toolbox icon in the top-right corner and choose 'Extract TileMap layers as individual TileMapLayer nodes'.' [/tmp/gh-issue-solver-1770756764755/GodotTopDownTemplate.csproj]
/tmp/gh-issue-solver-1770756764755/Scripts/Projectiles/Bullet.cs(795,17): warning CS0162: Unreachable code detected [/tmp/gh-issue-solver-1770756764755/GodotTopDownTemplate.csproj]
/tmp/gh-issue-solver-1770756764755/Scripts/Projectiles/Bullet.cs(806,17): warning CS0162: Unreachable code detected [/tmp/gh-issue-solver-1770756764755/GodotTopDownTemplate.csproj]
/tmp/gh-issue-solver-1770756764755/Scripts/Projectiles/Bullet.cs(819,13): warning CS0162: Unreachable code detected [/tmp/gh-issue-solver-1770756764755/GodotTopDownTemplate.csproj]
/tmp/gh-issue-solver-1770756764755/Scripts/Projectiles/Bullet.cs(827,13): warning CS0162: Unreachable code detected [/tmp/gh-issue-solver-1770756764755/GodotTopDownTemplate.csproj]
/tmp/gh-issue-solver-1770756764755/Scripts/Projectiles/Bullet.cs(835,17): warning CS0162: Unreachable code detected [/tmp/gh-issue-solver-1770756764755/GodotTopDownTemplate.csproj]
/tmp/gh-issue-solver-1770756764755/Scripts/Projectiles/ShotgunPellet.cs(650,99): warning CS8625: Cannot convert null literal to non-nullable reference type. [/tmp/gh-issue-solver-1770756764755/GodotTopDownTemplate.csproj]
/tmp/gh-issue-solver-1770756764755/Scripts/Projectiles/Bullet.cs(979,13): warning CS0162: Unreachable code detected [/tmp/gh-issue-solver-1770756764755/GodotTopDownTemplate.csproj]
/tmp/gh-issue-solver-1770756764755/Scripts/Projectiles/Bullet.cs(1037,13): warning CS0162: Unreachable code detected [/tmp/gh-issue-solver-1770756764755/GodotTopDownTemplate.csproj]
/tmp/gh-issue-solver-1770756764755/Scripts/Projectiles/ShotgunPellet.cs(774,17): warning CS0162: Unreachable code detected [/tmp/gh-issue-solver-1770756764755/GodotTopDownTemplate.csproj]
/tmp/gh-issue-solver-1770756764755/Scripts/Projectiles/ShotgunPellet.cs(784,17): warning CS0162: Unreachable code detected [/tmp/gh-issue-solver-1770756764755/GodotTopDownTemplate.csproj]
/tmp/gh-issue-solver-1770756764755/Scripts/Projectiles/ShotgunPellet.cs(794,13): warning CS0162: Unreachable code detected [/tmp/gh-issue-solver-1770756764755/GodotTopDownTemplate.csproj]
/tmp/gh-issue-solver-1770756764755/Scripts/Projectiles/ShotgunPellet.cs(802,17): warning CS0162: Unreachable code detected [/tmp/gh-issue-solver-1770756764755/GodotTopDownTemplate.csproj]
/tmp/gh-issue-solver-1770756764755/Scripts/Projectiles/ShotgunPellet.cs(812,13): warning CS0162: Unreachable code detected [/tmp/gh-issue-solver-1770756764755/GodotTopDownTemplate.csproj]
/tmp/gh-issue-solver-1770756764755/Scripts/Projectiles/ShotgunPellet.cs(819,17): warning CS0162: Unreachable code detected [/tmp/gh-issue-solver-1770756764755/GodotTopDownTemplate.csproj]
/tmp/gh-issue-solver-1770756764755/Scripts/Characters/Player.cs(2294,89): warning CS8604: Possible null reference argument for parameter 'from' in 'Variant.implicit operator Variant(GodotObject from)'. [/tmp/gh-issue-solver-1770756764755/GodotTopDownTemplate.csproj]
/tmp/gh-issue-solver-1770756764755/Scripts/Projectiles/ShotgunPellet.cs(921,13): warning CS0162: Unreachable code detected [/tmp/gh-issue-solver-1770756764755/GodotTopDownTemplate.csproj]
/tmp/gh-issue-solver-1770756764755/Scripts/Projectiles/Bullet.cs(1164,13): warning CS0162: Unreachable code detected [/tmp/gh-issue-solver-1770756764755/GodotTopDownTemplate.csproj]
/tmp/gh-issue-solver-1770756764755/Scripts/Projectiles/Bullet.cs(1288,93): warning CS8625: Cannot convert null literal to non-nullable reference type. [/tmp/gh-issue-solver-1770756764755/GodotTopDownTemplate.csproj]
/tmp/gh-issue-solver-1770756764755/Scripts/Projectiles/Bullet.cs(1307,109): warning CS8625: Cannot convert null literal to non-nullable reference type. [/tmp/gh-issue-solver-1770756764755/GodotTopDownTemplate.csproj]
/tmp/gh-issue-solver-1770756764755/Scripts/Projectiles/Bullet.cs(1391,13): warning CS0162: Unreachable code detected [/tmp/gh-issue-solver-1770756764755/GodotTopDownTemplate.csproj]
/tmp/gh-issue-solver-1770756764755/Scripts/Projectiles/Bullet.cs(1411,13): warning CS0162: Unreachable code detected [/tmp/gh-issue-solver-1770756764755/GodotTopDownTemplate.csproj]
/tmp/gh-issue-solver-1770756764755/Scripts/Projectiles/Bullet.cs(1454,17): warning CS0162: Unreachable code detected [/tmp/gh-issue-solver-1770756764755/GodotTopDownTemplate.csproj]
/tmp/gh-issue-solver-1770756764755/Scripts/Projectiles/Bullet.cs(1465,13): warning CS0162: Unreachable code detected [/tmp/gh-issue-solver-1770756764755/GodotTopDownTemplate.csproj]
/tmp/gh-issue-solver-1770756764755/Scripts/Projectiles/Bullet.cs(1517,21): warning CS0162: Unreachable code detected [/tmp/gh-issue-solver-1770756764755/GodotTopDownTemplate.csproj]
/tmp/gh-issue-solver-1770756764755/Scripts/Projectiles/Bullet.cs(1586,21): warning CS0162: Unreachable code detected [/tmp/gh-issue-solver-1770756764755/GodotTopDownTemplate.csproj]
/tmp/gh-issue-solver-1770756764755/Scripts/Weapons/Revolver.cs(957,75): warning CS8604: Possible null reference argument for parameter 'from' in 'Variant.implicit operator Variant(GodotObject from)'. [/tmp/gh-issue-solver-1770756764755/GodotTopDownTemplate.csproj]
    56 Warning(s)
    0 Error(s)

Time Elapsed 00:00:04.87
